[2017/06/16 15:41:07] とも
[2017/06/16 15:41:39] 材料にならぬ
[2017/06/16 15:41:43] これ
[2017/06/16 15:41:44] これ
[2017/06/16 15:41:46] これ
[2017/06/16 15:41:48] これ
[2017/06/16 15:41:50] これ
[2017/06/16 15:42:59] 周二を春秋
[2017/06/16 15:46:04] が強い
[2017/06/16 16:13:38] 、の順
[2017/06/16 16:21:51] なんか検査をするとかなんとか言っててよく分かんないんだよね
[2017/06/16 16:22:02] 週の
[2017/06/16 16:22:04] 南葛
[2017/06/16 16:22:34] そして病院の帰り道
[2017/06/16 16:22:43] でそして病院の帰り道心配して損失をする操縦
[2017/06/16 16:22:53] で
[2017/06/16 16:23:16] 例も
[2017/06/16 16:23:19] ある
[2017/06/16 16:24:54] で読
[2017/06/16 16:24:57] まさかな
[2017/06/16 16:24:59] 楽しいな店
[2017/06/16 16:25:00] きっとそのうち
[2017/06/16 16:25:07] が遅くなってごめんとか言って学校に行ってくるさ
[2017/06/16 16:25:08] が遅くなってごめんと
[2017/06/16 16:25:09] 言ってくる
[2017/06/16 16:25:11] が遅くなってごめん
[2017/06/16 16:25:13] が遅くなってから
[2017/06/16 16:25:18] 
[2017/06/16 16:25:22] 俺
[2017/06/16 16:25:25] 英語さは
[2017/06/16 16:25:26] 栄養
[2017/06/16 16:25:29] 養
[2017/06/16 16:25:30] 俺
[2017/06/16 16:25:31] 様
[2017/06/16 16:25:31] 俺
[2017/06/16 16:25:35] を好きなの面会に行こうと思うんだ
[2017/06/16 16:25:36] 一緒に行こうぜ
[2017/06/16 16:25:50] 
[2017/06/16 16:25:52] って阻止行動に移したとよばれ、ロシアの病院
[2017/06/16 16:26:01] へ
[2017/06/16 16:26:04] ると思
[2017/06/16 16:26:24] 一人でよろし
[2017/06/16 16:26:31] BISの一人はそろそろ
[2017/06/16 16:26:34] BISの一人はそろそろ
[2017/06/16 16:26:40] BISの一人はそろそろ卸しの旭
[2017/06/16 16:26:43] の一人はそろそろ面白い
[2017/06/16 16:28:01] 城
[2017/06/16 16:28:08] ネオン
[2017/06/16 16:36:43] おれ
[2017/06/16 16:37:17] いうふうび
[2017/06/16 16:37:19] 首位守り
[2017/06/16 16:37:22] 、首位守り、
[2017/06/16 16:43:25] 54
[2017/06/16 16:43:29] 時50よし、
[2017/06/16 16:43:34] 0
[2017/06/16 16:43:39] \0.04
[2017/06/16 16:43:43] 円
[2017/06/16 16:43:47] 50
[2017/06/16 16:43:53] 装備し
[2017/06/16 16:43:55] 、装備し
[2017/06/16 16:43:57] 装備し
[2017/06/16 16:44:04] そう主張する
[2017/06/16 17:06:15] tell meCaptain
[2017/06/16 17:06:41] lookslikeastorm
[2017/06/16 17:07:25] Hudson restaurants
[2017/06/16 17:07:35] setTrippin
[2017/06/16 17:09:13] soyoushippedin
[2017/06/16 17:10:44] who said Rippy
[2017/06/16 17:11:14] River
[2017/06/16 17:27:28] sliding down a Rock drippy
[2017/06/16 17:29:46] althea's he went
[2017/06/16 17:29:52]  if you look down is he
[2017/06/16 17:29:53]  if you look down
[2017/06/16 17:29:55]  is he fell
[2017/06/16 17:29:55]  if you look down is he
[2017/06/16 17:29:55]  he saw it
[2017/06/16 17:30:00]  if you look down is he fell he saw it was below
[2017/06/16 17:30:00]  if you look down is he fell he saw horse in the mouth
[2017/06/16 17:30:05]  if you look down is he fell he
[2017/06/16 17:30:06]  if you look down is he fell he saw that the Stream
[2017/06/16 17:30:06]  if you look down is he fell he saw that last message
[2017/06/16 17:30:07]  if you look down is he fell he started to scream and
[2017/06/16 17:30:08]  saw that the stream and landed on the tree
[2017/06/16 17:30:12]  if you look down is he fell he saw that the stream and landed on the tree
[2017/06/16 17:30:12]  if you look down is he fell he saw that the stream and landed on the tree
[2017/06/16 17:30:24]  if you look down is he fell he saw that the stream and landed on the train ride
[2017/06/16 17:30:27]  pine trees
[2017/06/16 17:30:27]  to smell the pine tree
[2017/06/16 17:30:29]  in the lights
[2017/06/16 17:30:33]  if you look down is he fell he saw that the stream and landed on the train ride to smell the
[2017/06/16 17:30:41]  flowing
[2017/06/16 17:30:47]  if you look down is he fell he saw that the stream and landed on the train ride to smell the pine trees in the river
[2017/06/16 17:32:56] no sooner
[2017/06/16 17:32:57] no
[2017/06/16 17:32:58]  sooner had captain
[2017/06/16 17:33:01] no sooner acceptance
[2017/06/16 17:33:02] no sooner had captain
[2017/06/16 17:33:09]  show me from
[2017/06/16 17:33:09]  show me from this cloud
[2017/06/16 17:33:09]  this Cloud dripping
[2017/06/16 17:33:11]  show me from this Cloud
[2017/06/16 17:33:12]  drippy phone ringtones
[2017/06/16 17:33:12]  show me from this Cloud
[2017/06/16 17:33:14]  show me from this Cloud dripping from Reno to goodbye
[2017/06/16 17:33:15]  drippy phone ringtones goodbye last
[2017/06/16 17:33:17]  last 32 years Young
[2017/06/16 17:33:17]  show me from this Cloud drippy phone ringtones goodbye
[2017/06/16 17:33:18]  old and he will
[2017/06/16 17:33:18]  show me from this Cloud drippy phone ringtones goodbye lab dirty to you
[2017/06/16 17:33:19]  tell
[2017/06/16 17:33:21]  show me from this Cloud drippy phone ringtones goodbye last 32 years
[2017/06/16 17:33:24]  went down in the mouth
[2017/06/16 17:33:26]  on the land
[2017/06/16 17:33:29]  show me from this Cloud drippy phone ringtones goodbye last 32 years old and he
[2017/06/16 17:33:30]  show me from this Cloud drippy phone ringtones goodbye last 32 years old and he went down in the
[2017/06/16 17:33:38]  Roman Reigns on Roman numerals
[2017/06/16 17:33:40]  1100
[2017/06/16 17:33:40]  show me from this Cloud drippy phone ringtones goodbye last 32 years old and he went down in the mouth on the lamp on the Range
[2017/06/16 17:33:42]  1100
[2017/06/16 17:33:43]  show me from this Cloud drippy phone ringtones goodbye last 32 years old and he went down in the mouth on the Land Rover Range Rover
[2017/06/16 17:33:44]  show me from this Cloud drippy phone ringtones goodbye last 32 years old and he went down in the mouth on the land of the
[2017/06/16 17:33:44]  show me from this Cloud drippy phone ringtones goodbye last 32 years old and he went down in the mouth on the land of the Ranger game
[2017/06/16 17:33:46]  show me from this Cloud drippy phone ringtones goodbye last 32 years old and he went down in the mouth on the land of the Roman Reigns on Roman numeral
[2017/06/16 17:33:46]  XLV 111
[2017/06/16 17:33:48]  in the neighborhood of the end of
[2017/06/16 17:33:51]  1100 1100 Remington
[2017/06/16 17:33:52]  show me from this Cloud drippy phone ringtones goodbye last 32 years old and he went down in the mouth on the land of the Roman Reigns on Roman numerals
[2017/06/16 17:33:52]  show me from this Cloud drippy phone ringtones goodbye last 32 years old and he went down in the mouth on the land of the Roman Reigns on Roman numerals in the world
[2017/06/16 17:33:55]  show me from this Cloud drippy phone ringtones goodbye last 32 years old and he went down in the mouth on the land of the Roman Reigns on Roman numerals
[2017/06/16 17:33:56]  show me from this Cloud drippy phone ringtones goodbye last 32 years old and he went down in the mouth on the land of the Roman Reigns on Roman numerals in the neighborhood of the
[2017/06/16 17:33:57]  show me from this Cloud drippy phone ringtones goodbye last 32 years old and he went down in the mouth on the land of the Roman Reigns on Roman numerals
[2017/06/16 17:33:59]  show me from this Cloud drippy phone ringtones goodbye last 32 years old and he went down in the mouth on the land of the Roman Reigns on Roman numerals in the neighborhood of the other
[2017/06/16 17:33:59]  show me from this Cloud drippy phone ringtones goodbye last 32 years old and he went down in the mouth on the land of the Roman Reigns on Roman numerals XLV 111
[2017/06/16 17:34:00]  show me from this Cloud drippy phone ringtones goodbye last 32 years old and he went down in the mouth on the land of the Roman Reigns on Roman numerals
[2017/06/16 17:34:02]  show me from this Cloud drippy phone ringtones goodbye last 32 years old and he went down in the mouth on the land of the Roman Reigns on Roman numerals XLV 111 Little River
[2017/06/16 17:34:03]  show me from this Cloud drippy phone ringtones goodbye last 32 years old and he went down in the mouth on the land of the Roman Reigns on Roman numerals in the neighborhood of the other animals
[2017/06/16 17:48:19] what's the
[2017/06/16 17:48:21] oof
[2017/06/16 17:48:22] top
[2017/06/16 17:48:23] what's
[2017/06/16 17:48:24]  a
[2017/06/16 17:48:24]  rooftop
[2017/06/16 17:48:31]  and
[2017/06/16 17:48:32]  I have cakes to bake
[2017/06/16 17:48:35]  I
[2017/06/16 17:48:35]  the pizza man
[2017/06/16 17:48:35]  could
[2017/06/16 17:48:37]  I
[2017/06/16 17:48:37]  use
[2017/06/16 17:48:37]  could
[2017/06/16 17:48:37]  use
[2017/06/16 17:48:38]  on my
[2017/06/16 17:48:38]  dry
[2017/06/16 17:48:38]  building
[2017/06/16 17:48:39]  up to the
[2017/06/16 17:48:43]  the paint inside
[2017/06/16 17:48:44]  I could use on my building dry up
[2017/06/16 17:48:48]  everything
[2017/06/16 17:48:48]  looks
[2017/06/16 17:48:52]  off
[2017/06/16 17:48:52]  drove
[2017/06/16 17:48:52]  and he
[2017/06/16 17:48:53]  car
[2017/06/16 17:48:53]  in his
[2017/06/16 17:48:56]  his car
[2017/06/16 17:48:57]  AJ
[2017/06/16 17:48:57]  is
[2017/06/16 17:48:57]  AJ
[2017/06/16 17:48:58]  is
[2017/06/16 17:48:58]  aj
[2017/06/16 17:48:59]  his cousin
[2017/06/16 17:49:00]  said she has
[2017/06/16 17:49:02]  his cousin
[2017/06/16 17:49:02]  aj his cousin
[2017/06/16 17:49:05]  the
[2017/06/16 17:49:05]  so
[2017/06/16 17:49:05]  lady
[2017/06/16 17:49:06]  so
[2017/06/16 17:49:06]  the
[2017/06/16 17:49:06]  lady
[2017/06/16 17:49:08]  with the fox
[2017/06/16 17:49:08]  taxi
[2017/06/16 17:49:09]  so the lady with the
[2017/06/16 17:49:13]  the
[2017/06/16 17:49:13]  the
[2017/06/16 17:49:14]  truck
[2017/06/16 17:49:14]  truck
[2017/06/16 17:49:15]  driver
[2017/06/16 17:49:15]  told
[2017/06/16 17:49:15]  the
[2017/06/16 17:49:16]  grocery
[2017/06/16 17:49:19]  the truck driver told the grocer
[2017/06/16 17:52:57] splat
[2017/06/16 17:52:59]  one
[2017/06/16 17:53:01] der
[2017/06/16 17:53:01] Splat
[2017/06/16 17:53:02]  wondered
[2017/06/16 17:53:02] Splat
[2017/06/16 17:53:03]  wonder who's your brain
[2017/06/16 17:53:10]  play
[2017/06/16 17:53:10] t
[2017/06/16 17:53:10] Splat wondered sprain
[2017/06/16 17:53:10] at the
[2017/06/16 17:53:11]  one
[2017/06/16 17:53:12] ther
[2017/06/16 17:53:12]  weather
[2017/06/16 17:53:12]  play at the
[2017/06/16 17:53:14]  play at the
[2017/06/16 17:53:15]  one that went
[2017/06/16 17:53:21]  tell
[2017/06/16 17:53:21] t
[2017/06/16 17:53:21]  please
[2017/06/16 17:53:21]  split the one that went
[2017/06/16 17:53:23] t ever
[2017/06/16 17:53:23]  pictures of
[2017/06/16 17:53:24] a
[2017/06/16 17:53:29]  slap
[2017/06/16 17:53:29]  it
[2017/06/16 17:53:29]  slap
[2017/06/16 17:53:30]  picked
[2017/06/16 17:53:34]  another
[2017/06/16 17:53:34]  it up and then
[2017/06/16 17:53:38]  and
[2017/06/16 17:53:38]  big muddy puddle
[2017/06/16 17:53:41] 
[2017/06/16 17:53:42]  a bee sting
[2017/06/16 17:53:42]  Amy
[2017/06/16 17:53:43] er
[2017/06/16 17:53:43] ee sting
[2017/06/16 17:53:43]  a bee
[2017/06/16 17:53:44]  in
[2017/06/16 17:53:44]  stinger
[2017/06/16 17:53:45] 
[2017/06/16 17:53:45]  a bee
[2017/06/16 18:04:08]  did ventures of little drop little dropped lives in the great big ocean with Daddy drop Mommy
[2017/06/16 18:17:43] puzzle
[2017/06/16 18:17:44]  Pro
[2017/06/16 18:17:45] oject
[2017/06/16 18:17:56]  from Santa
[2017/06/16 18:20:06] the fastest animal
[2017/06/16 18:20:08] professional Monroe
[2017/06/16 18:20:08] download
[2017/06/16 18:20:13]  special
[2017/06/16 18:20:17]  sausage
[2017/06/16 18:20:18]  Austin
[2017/06/16 18:20:27]  Boston Common
[2017/06/16 18:20:28]  bus
[2017/06/16 18:20:28]  boost
[2017/06/16 18:20:29]  Busta
[2017/06/16 18:20:30]  Boston
[2017/06/16 18:20:32]  Mustang
[2017/06/16 18:20:32]  Boston,
[2017/06/16 18:20:32]  Bristlecone
[2017/06/16 18:20:34]  Boston
[2017/06/16 18:20:34] , Modesto
[2017/06/16 18:20:34]  Boston Common
[2017/06/16 18:20:35]  bus
[2017/06/16 18:20:35]  must
[2017/06/16 18:20:35]  Busta
[2017/06/16 18:20:36]  Basta Pasta
[2017/06/16 18:20:36]  messed up.
[2017/06/16 18:20:38]  Cancel
[2017/06/16 18:20:39]  International
[2017/06/16 18:20:49]  Cancel.
[2017/06/16 18:23:04] Halo
[2017/06/16 18:23:05] I love
[2017/06/16 18:23:07] Polaris
[2017/06/16 18:23:07]  Mall
[2017/06/16 18:23:08] Polaris
[2017/06/16 18:23:08]  Mall
[2017/06/16 18:23:12]  Mall.
[2017/06/16 18:23:12] Polaris
[2017/06/16 18:23:14] Polaris mall
[2017/06/16 18:23:14]  Destin
[2017/06/16 18:23:16] Polaris Mall
[2017/06/16 18:23:17]  put
[2017/06/16 18:23:17]  what are
[2017/06/16 18:23:18]  GoDaddy
[2017/06/16 18:23:19]  put on
[2017/06/16 18:23:19]  what are emo
[2017/06/16 18:23:20]  GoDaddy Bowl
[2017/06/16 18:23:21]  what are emoji
[2017/06/16 18:23:23]  feretti Motors
[2017/06/16 18:23:23]  City
[2017/06/16 18:23:24]  Bellissimo
[2017/06/16 18:23:24]  City Seymour
[2017/06/16 18:23:26]  DC motor
[2017/06/16 18:23:26]  Tracy Morgan
[2017/06/16 18:23:27]  CitiMortgage
[2017/06/16 18:23:27]  City Seymour Tennessee
[2017/06/16 18:23:40]  spot to be
[2017/06/16 18:23:40]  spot to be
[2017/06/16 18:23:41]  CitiMortgage be the best
[2017/06/16 18:23:41]  CitiMortgage be the best
[2017/06/16 18:23:43]  in
[2017/06/16 18:25:02] send
[2017/06/16 18:25:03] thank
[2017/06/16 18:25:05]  you
[2017/06/16 18:25:05]  you
[2017/06/16 18:25:05] thank
[2017/06/16 18:25:06]  kids
[2017/06/16 18:25:07]  PNC
[2017/06/16 18:25:08]  penis
[2017/06/16 18:25:08]  teenage
[2017/06/16 18:25:09]  kids singing
[2017/06/16 18:26:58] call
[2017/06/16 18:27:00] talk to
[2017/06/16 18:27:00] call cool
[2017/06/16 18:27:02]  scooters
[2017/06/16 18:27:15]  duck
[2017/06/16 18:27:15]  Dunkin
[2017/06/16 18:27:15]  document
[2017/06/16 18:27:22]  call
[2017/06/16 18:27:24]  Porter
[2017/06/16 18:27:26]  call
[2017/06/16 18:27:27]  Porter.
[2017/06/16 18:36:18] call
[2017/06/16 18:36:19] the heavy
[2017/06/16 18:36:22] I'm down
[2017/06/16 18:36:23]  on the roof
[2017/06/16 18:36:25]  there's a heavy
[2017/06/16 18:36:30]  Washington
[2017/06/16 18:36:30]  State
[2017/06/16 18:36:31] I'm down on the roof there's a heavy Washington
[2017/06/16 18:36:32]  Huskies number
[2017/06/16 18:36:34]  through there
[2017/06/16 18:36:42]  he's
[2017/06/16 18:36:42]  he just
[2017/06/16 18:36:43]  turn
[2017/06/16 18:36:43] ed
[2017/06/16 18:36:43]  he just
[2017/06/16 18:36:43]  turned
[2017/06/16 18:36:44]  in like
[2017/06/16 18:36:57]  the job
[2017/06/16 18:36:57]  Stevie Johnson
[2017/06/16 18:37:00]  Susie Johnson
[2017/06/16 18:39:23] is it really hard
[2017/06/16 18:39:27] is it
[2017/06/16 18:39:27]  properly hug hug love love cats with guns
[2017/06/16 18:39:31] is it really hard love cats with guns
[2017/06/16 18:39:33]  Lego
[2017/06/16 18:39:33]  like a whole
[2017/06/16 18:39:33]  Squad
[2017/06/16 18:39:34]  like a whole
[2017/06/16 18:39:34]  Squad
[2017/06/16 18:39:34]  of
[2017/06/16 18:39:34]  us
[2017/06/16 18:39:40]  tell
[2017/06/16 18:39:40]  Valley
[2017/06/16 18:39:41]  Philly to
[2017/06/16 18:39:41]  Valley tool
[2017/06/16 18:39:41]  La Chula
[2017/06/16 18:39:41]  belly 2 left
[2017/06/16 18:39:43]  tele2 left
[2017/06/16 18:39:46]  Fulton
[2017/06/16 18:39:46]  cool technical
[2017/06/16 18:39:46]  pool chemicals
[2017/06/16 18:42:20] get your headache
[2017/06/16 18:42:35]  yeah
[2017/06/16 18:42:35]  by the
[2017/06/16 18:42:35]  tree
[2017/06/16 18:42:37]  to
[2017/06/16 18:42:40]  West
[2017/06/16 18:42:41]  Point
[2017/06/16 18:42:42]  West
[2017/06/16 18:42:42]  Las Point Courtyard
[2017/06/16 19:18:30] God damn it
[2017/06/16 19:18:36]  call
[2017/06/16 19:20:37] show
[2017/06/16 19:20:40] so I can see
[2017/06/16 19:20:50]  how cool
[2017/06/16 19:21:07]  document
[2017/06/16 19:23:32] the people that are
[2017/06/16 19:23:33] the people that I guess
[2017/06/16 19:23:33] the people that I guess we
[2017/06/16 19:23:33] the people that I guess when
[2017/06/16 19:23:33] the people that I guess when you
[2017/06/16 19:23:33] the people that I guess when you reach
[2017/06/16 19:23:33] the people that I guess when you respond
[2017/06/16 19:23:33] the people that I guess when you respond
[2017/06/16 19:23:33] the people that I guess when you respond
[2017/06/16 19:23:34] the people that I guess when you respond
[2017/06/16 19:23:34] the people that I guess when you respond to
[2017/06/16 19:23:34] the people that I guess when you respond come back
[2017/06/16 19:23:34] the people that I guess when you respond come back in
[2017/06/16 19:23:34] the people that I guess when you respond come back into the
[2017/06/16 19:23:34] the people that I guess when you respond come back into the game
[2017/06/16 19:23:34] the people that I guess when you respond come back into the game
[2017/06/16 19:23:34] the people that I guess when you respond come back into the game
[2017/06/16 19:23:35]  instead of
[2017/06/16 19:23:36]  starting back it up
[2017/06/16 19:23:36] the people that I guess when you respond come back into the game instead of starting back at the point
[2017/06/16 20:38:17] that was close[0.9]
[2017/06/16 20:38:17] that was close I[0.9]
[2017/06/16 20:38:19] that was close I was at 5[0.9]
[2017/06/16 20:38:32] that was close I was at 5 behind[0.9]
[2017/06/16 20:38:34] that was close I was at 5 behind your back[0.9]
[2017/06/16 20:38:50]  yikes[0.9]
[2017/06/16 20:38:53]  yeah[0.9]
[2017/06/16 20:39:02]  70[0.9]
[2017/06/16 20:39:04]  70 Medics[0.9]
[2017/06/16 20:41:55] Domino's on[0.9]
[2017/06/16 20:42:25] music[0.9]
[2017/06/16 20:42:28]  set[0.9]
[2017/06/16 20:43:18] how to reload[0.9]
[2017/06/16 20:43:22]  call[0.9]
[2017/06/16 20:43:34]  carbon Baca[0.9]
[2017/06/16 20:43:59]  left hand over here[0.9]
[2017/06/16 20:43:59]  left hand over here[0.9]
[2017/06/16 20:44:38] you can't just[0.9]
[2017/06/16 20:44:48]  so you out[0.9]
[2017/06/16 20:45:02]  Chris Bosh[0.9]
[2017/06/16 20:45:03]  -[0.9]
[2017/06/16 20:46:23] I love this moment thanks[0.9]
[2017/06/16 20:46:24] I love this moment I was[0.9]
[2017/06/16 20:46:29]  right after[0.9]
[2017/06/16 20:46:38]  welcome[0.9]
[2017/06/16 20:46:43]  spell conundrum[0.9]
[2017/06/16 20:46:49]  Xbox One controller[0.9]
[2017/06/16 20:47:00]  Best Buy[0.9]
[2017/06/16 20:47:19] who[0.9]
[2017/06/16 20:47:31]  truck[0.9]
[2017/06/16 20:47:42]  Google[0.9]
[2017/06/16 20:47:57]  wanted you[0.9]
[2017/06/16 20:48:00]  he did[0.9]
[2017/06/16 20:48:00]  wanted you he didn't[0.9]
[2017/06/16 20:48:00]  wanted you he did he got me[0.9]
[2017/06/16 20:48:02]  I was a beautiful shot[0.9]
[2017/06/16 20:48:02]  wanted you he did he got me I was a beautiful shot right[0.9]
[2017/06/16 20:48:02]  wanted you he did he got me I was a beautiful shot right to[0.9]
[2017/06/16 20:48:02]  wanted you he did he got me I was a beautiful shot right to[0.9]
[2017/06/16 20:48:03]  wanted you he did he got me I was a beautiful shot right to her[0.9]
[2017/06/16 20:48:03]  wanted you he did he got me I was a beautiful shot right to hurry[0.9]
[2017/06/16 20:48:03]  wanted you he did he got me I was a beautiful shot right to her you[0.9]
[2017/06/16 20:48:03]  wanted you he did he got me I was a beautiful shot right to her you in[0.9]
[2017/06/16 20:48:03]  wanted you he did he got me I was a beautiful shot right to her you in[0.9]
[2017/06/16 20:48:03]  wanted you he did he got me I was a beautiful shot right to hurt you anymore[0.9]
[2017/06/16 20:48:03]  wanted you he did he got me I was a beautiful shot right to her you it was[0.9]
[2017/06/16 20:48:05]  like a[0.9]
[2017/06/16 20:48:05]  wanted you he did he got me I was a beautiful shot right to her you it wasn't a lie[0.9]
[2017/06/16 20:48:21] thank you[0.9]
[2017/06/16 20:48:33]  I'm down in that little room[0.9]
[2017/06/16 20:48:34]  is just[0.9]
[2017/06/16 20:48:34] thank you I'm down in that little room left[0.9]
[2017/06/16 20:48:34] thank you I'm down in that little room is just left it[0.9]
[2017/06/16 20:48:34] thank you I'm down in that little room left to the[0.9]
[2017/06/16 20:48:35] thank you I'm down in that little room left to the five[0.9]
[2017/06/16 20:48:35] thank you I'm down in that little room left to the fox[0.9]
[2017/06/16 20:48:36] thank you I'm down in that little room left to the pots on[0.9]
[2017/06/16 20:48:36] thank you I'm down in that little room left to the five Sons[0.9]
[2017/06/16 20:48:48]  my phone[0.9]
[2017/06/16 20:49:12]  show[0.9]
[2017/06/16 20:49:26] talk to[0.9]
[2017/06/16 20:49:30]  you spot[0.9]
[2017/06/16 20:49:42]  document[0.9]
[2017/06/16 20:49:49]  call[0.9]
[2017/06/16 20:49:57]  always baby[0.9]
[2017/06/16 20:50:20] hey Google[0.9]
[2017/06/16 20:50:21] hey Google,[0.9]
[2017/06/16 20:50:21] hey Google tell me about[0.9]
[2017/06/16 20:50:21] hey Google tell me about a[0.9]
[2017/06/16 20:50:21] hey Google tell me about a car[0.9]
[2017/06/16 20:50:21] hey Google tell me about a crime[0.9]
[2017/06/16 20:50:21] hey Google tell me about a condo[0.9]
[2017/06/16 20:50:21] hey Google tell me about a crime is[0.9]
[2017/06/16 20:50:21] hey Google tell me about a contest[0.9]
[2017/06/16 20:50:21] hey Google tell me about a contest[0.9]
[2017/06/16 20:50:21] hey Google tell me about a contest[0.9]
[2017/06/16 20:50:22] hey Google tell me about a car behind you[0.9]
[2017/06/16 20:50:28]  breach of it I have you[0.9]
[2017/06/16 20:50:28] hey Google tell me about a car behind you breach of it I have you let[0.9]
[2017/06/16 20:50:28] hey Google tell me about a car behind you breach of it I have you let[0.9]
[2017/06/16 20:50:35]  people dying as soon as I'm[0.9]
[2017/06/16 20:50:35]  people dying as soon as I move[0.9]
[2017/06/16 20:50:35]  people dying as soon as I move[0.9]
[2017/06/16 20:50:35]  people dying as soon as I move[0.9]
[2017/06/16 20:50:35]  people dying as soon as I move I've[0.9]
[2017/06/16 20:50:35]  people dying as soon as removing[0.9]
[2017/06/16 20:50:35]  people dying as soon as removing them[0.9]
[2017/06/16 20:50:35]  people dying as soon as removing them[0.9]
[2017/06/16 20:50:37]  people dying as soon as I'm Reviving them I see[0.9]
[2017/06/16 20:50:39]  dancers more roofs[0.9]
[2017/06/16 20:50:39]  people dying as soon as I'm Reviving them I see dancers more Russe[0.9]
[2017/06/16 20:50:39]  people dying as soon as I'm Reviving them I see dancers more Russe[0.9]
[2017/06/16 20:50:44]  paying back[0.9]
[2017/06/16 20:50:45]  I shall get another[0.9]
[2017/06/16 20:50:45]  people dying as soon as I'm Reviving them I see dancers more Russe paying back I shall get another[0.9]
[2017/06/16 20:50:49]  he's building[0.9]
[2017/06/16 20:50:49]  he's building fire[0.9]
[2017/06/16 20:50:49]  he's not embarrassed[0.9]
[2017/06/16 20:50:50]  he's building Paterson[0.9]
[2017/06/16 20:50:59]  he's building bridges[0.9]
[2017/06/16 20:56:28] I can kill the enemy[0.9]
[2017/06/16 20:56:30]  what's the[0.9]
[2017/06/16 20:56:32]  winter if you can[0.9]
[2017/06/16 20:56:33]  winter if you can basically just sit up[0.9]
[2017/06/16 20:56:34]  winter if you can basically just sit up here[0.9]
[2017/06/16 20:56:34]  winter if you can basically just sit up here[0.9]
[2017/06/16 20:56:34]  winter if you can basically just sit up here[0.9]
[2017/06/16 20:56:34]  winter if you can basically just sit up here[0.9]
[2017/06/16 20:56:35]  winter if you can basically just sit up here and run from[0.9]
[2017/06/16 20:56:35]  winter if you can basically just sit up here and run from roof[0.9]
[2017/06/16 20:56:35]  winter if you can basically just sit up here and run from roof[0.9]
[2017/06/16 20:56:35]  what's the winter if you can basically just sit up here and run from roof to roof[0.9]
[2017/06/16 20:56:35]  what's the winter if you can basically just sit up here and run from roof to roof[0.9]
[2017/06/16 20:56:35]  what's the winter if you can basically just sit up here and run from roof to roof a[0.9]
[2017/06/16 20:56:36]  what's the winter if you can basically just sit up here and run from roof to roof all[0.9]
[2017/06/16 20:56:36]  what's the winter if you can basically just sit up here and run from roof to roof all[0.9]
[2017/06/16 20:56:36]  what's the winter if you can basically just sit up here and run from roof to roof all their[0.9]
[2017/06/16 20:56:36]  all their[0.9]
[2017/06/16 20:56:36]  all the way across[0.9]
[2017/06/16 20:56:36]  all the way across[0.9]
[2017/06/16 20:56:40]  going to respond[0.9]
[2017/06/16 20:56:50]  that I can[0.9]
[2017/06/16 20:56:51]  that I can put down some[0.9]
[2017/06/16 20:56:51]  that I can put down since[0.9]
[2017/06/16 20:56:51]  that I can put down something to[0.9]
[2017/06/16 20:56:51]  that I can put down something to[0.9]
[2017/06/16 20:56:51]  that I can put down Cincinnati[0.9]
[2017/06/16 20:56:51]  that I can put down Cincinnati allows[0.9]
[2017/06/16 20:56:52]  allows[0.9]
[2017/06/16 20:56:52]  allows people[0.9]
[2017/06/16 20:56:52]  allows people to[0.9]
[2017/06/16 20:56:52]  allows people to[0.9]
[2017/06/16 20:56:52]  allows people to spawn[0.9]
[2017/06/16 20:56:52]  that I can put down Cincinnati allows people to spawn[0.9]
[2017/06/16 20:56:52]  that I can put down Cincinnati allows people to spawn[0.9]
[2017/06/16 20:56:54]  a different place[0.9]
[2017/06/16 20:57:02]  Cedar Lake[0.9]
[2017/06/16 20:57:03]  see the movie fucking[0.9]
[2017/06/16 20:57:05]  point[0.9]
[2017/06/16 20:57:07]  point because the[0.9]
[2017/06/16 20:57:08]  point because the old man there[0.9]
[2017/06/16 20:57:11]  point because the old man there they walked out[0.9]
[2017/06/16 20:57:13]  point because the old man that's your left[0.9]
[2017/06/16 20:57:13]  point because the old man there they left their[0.9]
[2017/06/16 20:57:25] respond to the game[0.9]
[2017/06/16 20:57:25] respond to the game[0.9]
[2017/06/16 20:57:26]  instead of[0.9]
[2017/06/16 20:57:29]  instead of behind everyone[0.9]
[2017/06/16 20:57:36]  damnit I want to see[0.9]
[2017/06/16 20:57:36]  damnit I want to see[0.9]
[2017/06/16 21:00:05] best answers for[0.9]
[2017/06/16 21:00:05] best answers for roof[0.9]
[2017/06/16 21:00:05] best answers for Bruce[0.9]
[2017/06/16 21:00:05] best answers for Bruce[0.9]
[2017/06/16 21:00:07] best answers for Bruce paying back[0.9]
[2017/06/16 21:00:17] best answers for Bruce paying back Arizona[0.9]
[2017/06/16 21:00:25] best answers for Bruce paying back God damnit[0.9]
[2017/06/16 21:03:26] hi malecon you should have time to get up[0.9]
[2017/06/16 21:03:26] hi malecon you should have time to get up here[0.9]
[2017/06/16 21:03:27] hi malecon you should have time to get up here[0.9]
[2017/06/16 21:03:27] hi malecon you should have time to get up here[0.9]
[2017/06/16 21:03:27]  here[0.9]
[2017/06/16 21:03:43]  here because it's the one on anything[0.9]
[2017/06/16 21:03:43]  here because it's the one on anything[0.9]
[2017/06/16 21:03:43]  here because it's the one on anything[0.9]
[2017/06/16 21:03:49]  here because it's the one on anything else again I think[0.9]
[2017/06/16 21:03:52]  here because it's the one on anything else again I think now there's another one[0.9]
[2017/06/16 21:03:55]  here because it's the one on anything else again I think not is another what's playing at Cricket[0.9]
[2017/06/16 21:03:56] hi malecon you should have time to get up here because it's the one on anything else again I think now there's another one to play cricket with stairs[0.9]
[2017/06/16 21:03:56] hi malecon you should have time to get up here because it's the one on anything else again I think now there's another one to play cricket with stairs in[0.9]
[2017/06/16 21:03:57] hi malecon you should have time to get up here because it's the one on anything else again I think now there's another one to play cricket with stairs and[0.9]
[2017/06/16 21:03:57]  and[0.9]
[2017/06/16 21:03:58]  and bags[0.9]
[2017/06/16 21:04:41] yeah we're here[0.9]
[2017/06/16 21:05:06] yeah we're just[0.9]
[2017/06/16 21:05:06] yeah we're here Jesse Williams[0.9]
[2017/06/16 21:05:06] yeah we're here Jesse Williams walk[0.9]
[2017/06/16 21:05:07]  Jesse Williams walk[0.9]
[2017/06/16 21:05:07] yeah we're just passing heavy[0.9]
[2017/06/16 21:05:08] yeah we're just passing heavy and then[0.9]
[2017/06/16 21:05:09]  said hi[0.9]
[2017/06/16 21:05:11]  said hi and shot him in the face[0.9]
[2017/06/16 21:05:12]  said hi and shot him in the face that guy[0.9]
[2017/06/16 21:05:29] electrical I just didn't know[0.9]
[2017/06/16 21:05:29] electrical I just didn't know he was[0.9]
[2017/06/16 21:05:29] electrical I just didn't know he was there[0.9]
[2017/06/16 21:05:29] electrical I just didn't know he was there[0.9]
[2017/06/16 21:05:29]  he was there[0.9]
[2017/06/16 21:05:29]  he was there[0.9]
[2017/06/16 21:05:36]  he was there holding behind[0.9]
[2017/06/16 21:05:40]  is it rain tomorrow[0.9]
[2017/06/16 21:05:42]  can search Me Maybe[0.9]
[2017/06/16 21:05:57]  can search me maybe they watch[0.9]
[2017/06/16 21:05:57]  can search me maybe they watch you[0.9]
[2017/06/16 21:05:57]  can search me maybe they want you out[0.9]
[2017/06/16 21:05:57]  can search me maybe they want you out of[0.9]
[2017/06/16 21:05:58]  can search me maybe they want you out of there[0.9]
[2017/06/16 21:05:58]  can search me maybe they want you out of there[0.9]
[2017/06/16 21:05:58]  can search me maybe they want you out of there say[0.9]
[2017/06/16 21:05:58]  of there take[0.9]
[2017/06/16 21:05:58]  of there take[0.9]
[2017/06/16 21:05:58]  can search me maybe they want you out of there take a[0.9]
[2017/06/16 21:05:58]  can search me maybe they want you out of there take it you[0.9]
[2017/06/16 21:05:59]  can search me maybe they want you out of there take it you[0.9]
[2017/06/16 21:06:55] I need cover[0.9]
[2017/06/16 21:06:55] I need cover load[0.9]
[2017/06/16 21:06:55] I need cover Lodi[0.9]
[2017/06/16 21:06:55] I need cover loading[0.9]
[2017/06/16 21:06:55]  loading[0.9]
[2017/06/16 21:07:18]  does a heavy make a[0.9]
[2017/06/16 21:07:18]  does it have you think I[0.9]
[2017/06/16 21:07:18]  does a heavy make-out you[0.9]
[2017/06/16 21:07:19]  does a heavy make-out you at the[0.9]
[2017/06/16 21:07:19]  does a heavy make-out you have dinner[0.9]
[2017/06/16 21:07:19]  does a heavy make-out you at in there[0.9]
[2017/06/16 21:07:19]  does a heavy make-out you at in there[0.9]
[2017/06/16 21:07:19]  does a heavy make-out you at in there Paul[0.9]
[2017/06/16 21:07:19]  does a heavy make-out you have in their Apollo[0.9]
[2017/06/16 21:07:22]  yeah animal[0.9]
[2017/06/16 21:07:31]  to keep you alive[0.9]
[2017/06/16 21:07:31]  to work you do you live in[0.9]
[2017/06/16 21:07:31]  to keep you alive can go[0.9]
[2017/06/16 21:07:31]  to keep you alive can go to[0.9]
[2017/06/16 21:07:32]  to keep you alive can go to town[0.9]
[2017/06/16 21:07:32]  to keep you alive can go to Taco[0.9]
[2017/06/16 21:07:32]  to Santa[0.9]
[2017/06/16 21:07:32]  to keep you alive can go to Santa[0.9]
[2017/06/16 21:07:32]  to keep you alive can go to have an affair[0.9]
[2017/06/16 21:07:42]  don't smoke[0.9]
[2017/06/16 21:07:42]  stop smoking Cedar[0.9]
[2017/06/16 21:07:43]  don't smoke and[0.9]
[2017/06/16 21:07:45]  don't smoke and I don't[0.9]
[2017/06/16 21:08:00] Tower who's ahead[0.9]
[2017/06/16 21:08:00] Tower who's ahead of[0.9]
[2017/06/16 21:08:00] Tower is a husband[0.9]
[2017/06/16 21:12:30] Lexus[0.9]
[2017/06/16 21:12:39]  yeah they got me[0.9]
[2017/06/16 21:12:51]  yeah they got me II X[0.9]
[2017/06/16 21:13:17]  second time I was[0.9]
[2017/06/16 21:13:21] what was just laying there[0.9]
[2017/06/16 21:13:34] what was just laying there watching[0.9]
[2017/06/16 21:13:38] music[0.9]
[2017/06/16 21:13:41]  set[0.9]
[2017/06/16 21:13:47]  contact Dorthy[0.9]
[2017/06/16 21:13:53]  Northeast[0.9]
[2017/06/16 21:13:53]  love cats with guns[0.9]
[2017/06/16 21:13:59]  just like a whole Squad[0.9]
[2017/06/16 21:13:59]  just like a whole Squad of[0.9]
[2017/06/16 21:13:59]  just like a whole Squad of a[0.9]
[2017/06/16 21:13:59]  just like a whole Squad of us[0.9]
[2017/06/16 21:14:00]  of us[0.9]
[2017/06/16 21:14:00]  us[0.9]
[2017/06/16 21:14:08]  Valley Tulip[0.9]
[2017/06/16 21:15:12] Pandora[0.9]
[2017/06/16 21:15:19]  loading a new bag[0.9]
[2017/06/16 21:15:41]  we are[0.9]
[2017/06/16 21:15:42]  we are out[0.9]
[2017/06/16 21:15:42]  we are out of[0.9]
[2017/06/16 21:15:42]  we are out of minutes[0.9]
[2017/06/16 21:15:43] [0.9]
[2017/06/16 21:15:44]  we are out of manic Suite 3B left[0.9]
[2017/06/16 21:15:50]  we are out of manic Suite 3B left see if[0.9]
[2017/06/16 21:15:52]  we are out of manic Suite 3B left see if I can[0.9]
[2017/06/16 21:15:59] Irish[0.9]
[2017/06/16 21:16:13]  call[0.9]
[2017/06/16 21:16:24]  town[0.9]
[2017/06/16 21:16:31]  thanks[0.9]
[2017/06/16 21:16:32]  thanks Google[0.9]
[2017/06/16 21:16:45]  I need to[0.9]
[2017/06/16 21:16:45]  I need to leave[0.9]
[2017/06/16 21:17:01] Terminix[0.9]
[2017/06/16 21:19:15] Climbing Gym[0.9]
[2017/06/16 21:19:23]  camera doing up[0.9]
[2017/06/16 21:20:35] NFL[0.9]
[2017/06/16 21:20:58] what[0.9]
[2017/06/16 21:21:00]  was the heavy[0.9]
[2017/06/16 21:21:29]  well[0.9]
[2017/06/16 21:22:15] I have[0.9]
[2017/06/16 21:22:24] call[0.9]
[2017/06/16 21:22:33] don't have the room[0.9]
[2017/06/16 21:22:56] right after[0.9]
[2017/06/16 21:23:10]  welcome[0.9]
[2017/06/16 21:23:16]  Xbox One controller[0.9]
[2017/06/16 21:23:24]  spell competitive[0.9]
[2017/06/16 21:23:26]  Best Buy[0.9]
[2017/06/16 21:23:57] truck[0.9]
[2017/06/16 21:24:09] do I need[0.9]
[2017/06/16 21:24:24]  wanted you[0.9]
[2017/06/16 21:24:27]  he did[0.9]
[2017/06/16 21:24:27]  he did he got me[0.9]
[2017/06/16 21:24:29]  he did he got me how does a beautiful[0.9]
[2017/06/16 21:24:29]  he did he got me how does a beautiful shot[0.9]
[2017/06/16 21:24:29]  he did he got me how does a beautiful shot[0.9]
[2017/06/16 21:24:29]  wanted you he did he got me how does a beautiful shot[0.9]
[2017/06/16 21:24:29]  right[0.9]
[2017/06/16 21:24:29]  right to[0.9]
[2017/06/16 21:24:29]  right to[0.9]
[2017/06/16 21:24:29]  right to her[0.9]
[2017/06/16 21:24:30]  right to her you[0.9]
[2017/06/16 21:24:30]  right to her you in[0.9]
[2017/06/16 21:24:30]  right to her you in[0.9]
[2017/06/16 21:24:30]  right to her you in[0.9]
[2017/06/16 21:24:30]  right to her you in[0.9]
[2017/06/16 21:24:30]  right to her you want[0.9]
[2017/06/16 21:24:32]  wanted you he did he got me how does a beautiful shot right to her you would want that goes on[0.9]
[2017/06/16 21:25:00] I'm down in a little[0.9]
[2017/06/16 21:25:00] I'm down in that little room[0.9]
[2017/06/16 21:25:00] [0.9]
[2017/06/16 21:25:00]  in case[0.9]
[2017/06/16 21:25:00]  which is[0.9]
[2017/06/16 21:25:00]  which is[0.9]
[2017/06/16 21:25:01]  is just[0.9]
[2017/06/16 21:25:01]  which is less[0.9]
[2017/06/16 21:25:01]  left[0.9]
[2017/06/16 21:25:01]  is just left it[0.9]
[2017/06/16 21:25:01] I'm down in that little room is just left of the[0.9]
[2017/06/16 21:25:01]  five[0.9]
[2017/06/16 21:25:01]  fox[0.9]
[2017/06/16 21:25:01]  five towns[0.9]
[2017/06/16 21:25:02]  five towns[0.9]
[2017/06/16 21:25:11]  thanks Bonnie[0.9]
[2017/06/16 22:13:57] 平均NFL
[2017/06/16 22:13:58] 十分に豊かにして
[2017/06/16 22:16:10]  スポーン
[2017/06/16 22:16:10]  スポーン
[2017/06/16 22:16:10]  スパ
[2017/06/16 22:16:10]  スポーン
[2017/06/16 22:16:10]  別のスポーン
[2017/06/16 22:16:10]  別の場所をスポーンする
[2017/06/16 22:16:10] 人々が
[2017/06/16 22:16:10]  別のプレイを生み出す
[2017/06/16 22:16:10]  別のスポーン
[2017/06/16 22:16:10]  別の場所をスポーンする
[2017/06/16 22:16:13]  何ですか
[2017/06/16 22:16:14]  なぜあなたは悪い場所で産卵することができますか？
[2017/06/16 22:16:20]  映画の中で犯罪犯罪
[2017/06/16 22:16:22]  シーダーポイント
[2017/06/16 22:16:24]  なぜなら
[2017/06/16 22:16:25]  そこの老人のために
[2017/06/16 22:16:26]  そこの老人のために
[2017/06/16 22:16:29]  そこの老人が
[2017/06/16 22:16:30]  彼らはそこにいる老人のために
[2017/06/16 22:16:30]  そこの老人が彼らを離れたから
[2017/06/16 22:16:30]  そこの老人が彼らを離れたから
[2017/06/16 22:16:40]  人々は住んでいる
[2017/06/16 22:16:40]  君は
[2017/06/16 22:16:41]  あなたが達する
[2017/06/16 22:16:41]  いつ私が推測する人ですか？
[2017/06/16 22:16:41]  あなたが応答する
[2017/06/16 22:16:41]  あなたが応答する
[2017/06/16 22:16:41]  あなたは返信する
[2017/06/16 22:16:41]  あなたは、
[2017/06/16 22:16:42]  あなたが応答する
[2017/06/16 22:16:42]  あなたが返信する
[2017/06/16 22:16:42]  あなたはゲームに復帰する
[2017/06/16 22:16:42]  あなたが応答したときに私が推測する人々です
[2017/06/16 22:16:43]  の代わりに
[2017/06/16 22:16:44]  バックアップを開始する代わりに
[2017/06/16 22:16:44]  バックアップポイントを開始する代わりに
[2017/06/16 22:16:44]  あなたが返信する
[2017/06/16 22:16:44]  バックアップポイントを開始する代わりに
[2017/06/16 22:16:44]  バックアップポイントを開始する代わりに
[2017/06/16 22:16:45]  バックアップを開始する代わりに後ろにポイント
[2017/06/16 22:16:45]  バックアップを開始するのではなく、毎回背後にあるポイント
[2017/06/16 22:16:45]  バックアップを開始するのではなく、誰の後ろにもポイント
[2017/06/16 22:16:46]  バックアップを開始するのではなく、全員の後ろにポイント
[2017/06/16 22:16:53]  私は見たいと思う
[2017/06/16 22:17:15]  アップ
[2017/06/16 22:17:16] こんにちは、あなたは私をしている必要があります
[2017/06/16 22:17:16]  ここに
[2017/06/16 22:17:16]  ここに
[2017/06/16 22:17:16]  ここに
[2017/06/16 22:17:16] こんにちはマレコン、あなたは時間を持っている必要があります
[2017/06/16 22:17:16]  ここに
[2017/06/16 22:17:33]  それは何にでもあるから
[2017/06/16 22:17:39]  それは何かのものなので
[2017/06/16 22:17:41] こんにちはマレコンあなたが何かのものであり、私は別のものではないと思うので、ここに立ち寄る時間が必要です
[2017/06/16 22:17:44]  クリケット
[2017/06/16 22:17:46]  階段で遊んで
[2017/06/16 22:17:47]  階段や鞄で遊ぶ
[2017/06/16 22:18:16] どうやって
[2017/06/16 22:18:30] 今私達はここにいる
[2017/06/16 22:18:56]  ジェッツの名簿
[2017/06/16 22:18:57]  ジェシーラッセルウォーカー重
[2017/06/16 22:18:58]  その後
[2017/06/16 22:18:59]  そして、
[2017/06/16 22:19:00]  その後、彼は顔を見せて彼を撃った
[2017/06/16 22:19:18] 電気私はちょうど知らなかった
[2017/06/16 22:19:18]  彼がいた
[2017/06/16 22:19:19]  彼はそこにいた
[2017/06/16 22:19:19]  彼はそこにいた
[2017/06/16 22:19:19]  彼はそこにいた
[2017/06/16 22:19:19]  彼はそこにいた
[2017/06/16 22:19:19]  彼はそこにいた
[2017/06/16 22:19:20]  彼は希望があった
[2017/06/16 22:19:25]  彼は後ろにつかまっていた
[2017/06/16 22:19:30]  雨が降っていますか
[2017/06/16 22:19:47]  a
[2017/06/16 22:19:47]  ちょっとベイビー彼らはあなたがそこから欲しい
[2017/06/16 22:19:48]  〜を取る
[2017/06/16 22:19:48]  取る
[2017/06/16 22:19:48]  あなたの門
[2017/06/16 22:19:50]  ちょっとベイビー彼らはあなたがそこから欲しい
[2017/06/16 22:19:54]  基本的に取る
[2017/06/16 22:19:54]  基本的にそれを取る
[2017/06/16 22:19:54]  基本的にそれを取る
[2017/06/16 22:19:55]  基本的にそれを取る
[2017/06/16 22:19:55]  基本的に今それを取る
[2017/06/16 22:19:55]  〜する
[2017/06/16 22:19:55]  餌
[2017/06/16 22:19:56]  餌
[2017/06/16 22:19:56]  高速道路用の餌
[2017/06/16 22:19:56]  高速道路用の餌
[2017/06/16 22:19:56]  高速道路と私のための餌
[2017/06/16 22:19:56]  基本的にそれを取る
[2017/06/16 22:19:56]  高速道路と私のための餌
[2017/06/16 22:19:56]  高い餌
[2017/06/16 22:19:57]  ちょっとベイビー彼らはそこからあなたがそれを取ることを欲しいあなたは今あなたは今です
[2017/06/16 22:19:57]  ハイウェーのための餌
[2017/06/17 08:00:10] テスト
[2017/06/17 08:08:17] テスト
[2017/06/17 08:09:54] テスト
[2017/06/17 08:11:04] テスト
[2017/06/17 08:12:17] テスト
[2017/06/17 08:13:08] テスト
[2017/06/17 08:13:50] テスト
[2017/06/17 08:13:53]  その
[2017/06/17 08:13:55]  その
[2017/06/17 08:13:55] 誰もが知っている
[2017/06/17 08:13:57]  太陽
[2017/06/17 08:13:57]  太陽
[2017/06/17 08:13:58]  面白い
[2017/06/17 08:13:58]  太陽
[2017/06/17 08:14:06] 誰もが見る必要があることを知っている
[2017/06/17 08:14:11]  隠す
[2017/06/17 08:14:11]  隠す
[2017/06/17 08:14:12]  私はどこでできますか？
[2017/06/17 08:14:19]  どこに安全を隠すべきですか？
[2017/06/17 08:14:23]  私はどこに隠すべきですか私はそこにいるあなたはここで安全です
[2017/06/17 08:16:09] テスト
[2017/06/17 08:16:14] ティーンオオカミと太陽を見た
[2017/06/17 08:16:17] ティーンウルフは最初に彼が私を蹴ったのを見ました
[2017/06/17 08:16:25] ティーンウルフ、最初の機器で見た
[2017/06/17 08:16:25] ティーンウルフ、最初のクリスマスを見ました
[2017/06/17 08:16:27]  あなたが見つけることができなかった装置
[2017/06/17 08:16:29]  あなたが見つけることができない設備都市
[2017/06/17 08:16:29]  ソフィーのどこにでも見えない設備
[2017/06/17 08:16:32]  彼女はどこにいてもソフィーを見つけることができない設備
[2017/06/17 08:16:34]  あなたがどこに住んでいるのかわからないソフィーの設備
[2017/06/17 08:16:34]  あなたがどこに住んでいるのかわからないソフィーの設備
[2017/06/17 08:16:35]  彼女は見て、甘い
[2017/06/17 08:16:36]  彼女は見て甘い
[2017/06/17 08:16:36]  PetSmart
[2017/06/17 08:16:37]  シティ
[2017/06/17 08:16:38]  それはドリフの兆候ではない
[2017/06/17 08:16:38]  あなたが見つけることができない設備ソフィーはどこでも木に住んでいます
[2017/06/17 08:16:39]  シティパンク
[2017/06/17 08:16:39]  都市からペンサコーラへ
[2017/06/17 08:16:40]  シティダコタ宝くじ
[2017/06/17 08:16:41] ティーンオオカミと太陽があなたが見つけることができない機器を見たソフィーどこでも彼女は去って、私はあなたを扱うでしょう
[2017/06/17 08:16:42]  彼女はできるだけペンサコーラ洗濯に市
[2017/06/17 08:16:43]  私はペンサコーラ洗濯する必要があります
[2017/06/17 08:16:43]  行く
[2017/06/17 08:16:44]  行く
[2017/06/17 08:16:44]  光と
[2017/06/17 08:16:45]  彼女はペンサコーラの洗濯物に酔っ払いのサインではない
[2017/06/17 08:16:45]  あなたを行かせる
[2017/06/17 08:16:46]  小さな天使
[2017/06/17 08:16:46]  小さな天使
[2017/06/17 08:16:47]  彼女ができなかったように、ペンサコーラの洗濯物へのドリフシティの兆候ではない
[2017/06/17 08:16:49]  彼女が簡単にできるように、ペンサコーラの洗濯物へのドリフシティの兆候ではありません
[2017/06/17 08:16:49]  七面鳥とクリケット
[2017/06/17 08:16:49]  七面鳥とクリケット
[2017/06/17 08:16:50]  七面鳥とポピクルのチケット
[2017/06/17 08:16:50]  七面鳥とのチケット
[2017/06/17 08:16:52]  七面鳥とポピクルのチケット
[2017/06/17 08:16:52]  七面鳥と腐食のチケット
[2017/06/17 08:16:52]  七面鳥と話すチケット
[2017/06/17 08:16:53]  彼女は少し天使の声でさえできるように、ペンサコーラの洗濯物へのdrippy Cityの印ではありません
[2017/06/17 08:16:54]  七面鳥とポピーシーのチケットを幸せにする
[2017/06/17 08:16:55]  リッキー・チャビーの
[2017/06/17 08:16:55]  リッキー・チャビー
[2017/06/17 08:16:55]  リッキー・チャビーの劇場での
[2017/06/17 08:16:56]  リッキー・チャビーが最大の
[2017/06/17 08:16:56]  リッキー・チャビーが最大の
[2017/06/17 08:16:59]  リッキー・チャビーの劇場での
[2017/06/17 08:16:59]  リッキー・チャビーが劇場にいた
[2017/06/17 08:17:00]  リッキー・チャビーが劇場に行こうとしている
[2017/06/17 08:17:00]  冷凍ディズニー
[2017/06/17 08:17:01]  リッキー・チャビーが劇場に行こうとしている
[2017/06/17 08:17:02]  冷凍クッキー私毎
[2017/06/17 08:17:02]  凍った赤ちゃんの名前
[2017/06/17 08:17:02]  私とすべての鳥と
[2017/06/17 08:17:03]  私とすべての鳥たちと
[2017/06/17 08:17:03]  私と一緒に
[2017/06/17 08:17:03]  それは彼女が少しの天使の声の七面鳥とリッキーを助けるポピーシーへの切符をすることができるように、ペンサコーラの洗濯物へのdrippy Cityの印ではありません
[2017/06/17 08:17:04]  リッキー・チャビー（Ricky Chubby）
[2017/06/17 08:17:04]  私と車に乗っているすべての鳥たちと一緒に
[2017/06/17 08:17:05]  私と最初のすべての鳥と一緒に
[2017/06/17 08:17:06]  私と車に乗っているすべての鳥たちと一緒に
[2017/06/17 08:17:06]  私と、森の中のすべての鳥たちと
[2017/06/17 08:17:13]  彼はしませんでした
[2017/06/17 08:17:13]  トレーシー
[2017/06/17 08:17:13]  それは彼女が少しの天使の声の七面鳥と劇場のリッキーリッキーチャビーの助けになるポピージーへのチケットさえすることができるようにペンサコーラの洗濯物へのdrippy都市の印ではない
[2017/06/17 08:17:15]  滴下
[2017/06/17 08:17:15]  ドリフ
[2017/06/17 08:17:16]  落ちる
[2017/06/17 08:17:16]  に
[2017/06/17 08:17:17]  落ちる
[2017/06/17 08:17:17]  オンエリート
[2017/06/17 08:17:18]  彼がいるときの森
[2017/06/17 08:17:18]  フォレスト全体
[2017/06/17 08:17:18]  酔っぱらい
[2017/06/17 08:17:19]  ドリフは扱いません
[2017/06/17 08:17:20]  彼がいるときの森
[2017/06/17 08:17:20]  オンエリート
[2017/06/17 08:17:20]  オンエリート
[2017/06/17 08:17:20]  落ちる
[2017/06/17 08:17:20]  彼の名前のときの森
[2017/06/17 08:17:21]  酔っぱらい
[2017/06/17 08:17:21]  彼は手渡さなかった
[2017/06/17 08:17:21]  彼の名前のときの森
[2017/06/17 08:17:22]  ホット
[2017/06/17 08:17:22]  彼はエリートで
[2017/06/17 08:17:22]  彼の名前が森
[2017/06/17 08:17:23]  木の高さ
[2017/06/17 08:17:23]  トレーシー森林は彼の名前が乾いていても眠れない
[2017/06/17 08:17:23]  Tracyは森の中の名前ですが、
[2017/06/17 08:17:23]  彼がいなければならないエリートで
[2017/06/17 08:17:24]  トレーシー森林は彼の名前がしかしdrippyは彼が海が見つかりました
[2017/06/17 08:17:24]  それは何年もかけて
[2017/06/17 08:17:24]  Tracyは森の中で、彼の名前は控えめで、彼はトーマスではない
[2017/06/17 08:17:27]  トレーシー森の中で彼の名前がドリフではなく、彼はエリートで眠っていた
[2017/06/17 08:17:27] アナハイム
[2017/06/17 08:17:31]  それが彼女を見上げた理由
[2017/06/17 08:17:31]  それは彼女が見える理由です
[2017/06/17 08:17:32]  それは彼女が少し天使の声の七面鳥とポピージーのチケットをすることができるようにペンサコーラの洗濯物へのdrippy都市の兆候ではない劇場のリッキーリッキーチャビーの私と一緒にダウンして行くと、最初の鳥のすべての鳥
[2017/06/17 08:17:32]  それは彼女が少しの天使の声の七面鳥と森の中の私と一緒にいることになる劇場のリッキー・リッキー・チャビーの助けをするポピュラーへのチケットさえもできるようにペンサコーラの洗濯物へのdrippy Cityの印ではない
[2017/06/17 08:17:34]  だからこそ彼女は見上げて、彼は見た
[2017/06/17 08:17:34]  それが彼女のように見えて、彼はそうだ
[2017/06/17 08:17:35]  だから、彼女は彼のように見え、彼は
[2017/06/17 08:17:35]  ファミリートラスト
[2017/06/17 08:17:35]  やさしくこする
[2017/06/17 08:17:35]  待っている家族旅行
[2017/06/17 08:17:36]  ただ待っている家族旅行
[2017/06/17 08:17:36]  夏に
[2017/06/17 08:17:36]  それは彼女が少しの天使の声の七面鳥とポピージーのチケットを助けることができるようにペンサコーラランドスケープの兆候ではないリッキーリッキーチャビーの劇場で私と一緒にダウンして行くだろうとあなたが歌うことができる森の中のすべての鳥
[2017/06/17 08:17:36]  酔っ払うだけの家族旅行
[2017/06/17 08:17:36]  酔っ払うだけの家族旅行
[2017/06/17 08:17:37]  ちょうど待っている家族旅行
[2017/06/17 08:17:37]  柔らかい
[2017/06/17 08:17:37]  酔っ払うだけの家族旅行
[2017/06/17 08:17:37] アナハイムそれはなぜ彼女は彼のように見え、彼はとても運転されている
[2017/06/17 08:17:37]  それは彼女が少しの天使の声の七面鳥とポピージーのチケットをすることができるようにペンサコーラの洗濯物へのdrippy Cityの兆候ではないリッキーリッキーチャビーの私と一緒にダウンして行くと、最初のすべての鳥が歌い始めた
[2017/06/17 08:17:38] アナハイム、なぜ彼女は彼のように見え、彼はとてもドリフである
[2017/06/17 08:17:38]  太陽の下で飛び出した
[2017/06/17 08:17:39]  太陽の下で6時に飛び出した
[2017/06/17 08:17:39]  太陽の下で6時に飛び出した
[2017/06/17 08:17:39]  太陽の下で6時に出てきた
[2017/06/17 08:17:39]  太陽の下で6時に出てきた
[2017/06/17 08:17:47] テスト
[2017/06/17 08:18:40] 息子
[2017/06/17 08:18:42] と
[2017/06/17 08:19:18] 明日の天気は
[2017/06/17 08:19:26] uターン
[2017/06/17 08:19:31] 明日の天気は
[2017/06/17 08:19:34] 十字路
[2017/06/17 08:19:38] 十字路をまっすぐ
[2017/06/17 08:20:10] じゅうじろうまっすぐ
[2017/06/17 08:20:19] ニュータウン
[2017/06/17 08:20:20] ーン
[2017/06/17 08:20:20] ゆうた
[2017/06/17 08:20:28] じゅうじろうまっすぐユーターンuターン11
[2017/06/17 08:21:04] 彼らを着てるの
[2017/06/17 08:21:25] 
[2017/06/17 08:21:36] テスト
[2017/06/17 08:21:44] エラーが起きてる画像は
[2017/06/17 08:25:00] テスト
[2017/06/17 08:25:04] を右へ
[2017/06/17 08:25:06] 
[2017/06/17 08:25:11] 
[2017/06/17 08:25:22] まっすぐ道なり
[2017/06/17 08:25:30] uターン
[2017/06/17 08:33:34] テスト
[2017/06/17 08:33:38] 十字路を右
[2017/06/17 08:33:42] 十字路を左
[2017/06/17 08:33:46] まっすぐ
[2017/06/17 08:33:47] 道なり
[2017/06/17 08:33:52] そのまままっすぐ
[2017/06/17 08:33:54] ニュータウン
[2017/06/17 08:33:57] uターン
[2017/06/17 08:34:04] 十字路を右
[2017/06/17 08:34:06] へuターン
[2017/06/17 08:34:10] okです
